[0.069s] DEBUG:colcon:Command line arguments: ['/usr/bin/colcon', 'build', '--packages-select', 'week4_arm']
[0.069s] DEBUG:colcon:Parsed command line arguments: Namespace(log_base=None, log_level=None, verb_name='build', build_base='build', install_base='install', merge_install=False, symlink_install=False, test_result_base=None, continue_on_error=False, executor='parallel', parallel_workers=32, event_handlers=None, ignore_user_meta=False, metas=['./colcon.meta'], base_paths=['.'], packages_ignore=None, packages_ignore_regex=None, paths=None, packages_up_to=None, packages_up_to_regex=None, packages_above=None, packages_above_and_dependencies=None, packages_above_depth=None, packages_select_by_dep=None, packages_skip_by_dep=None, packages_skip_up_to=None, packages_select_build_failed=False, packages_skip_build_finished=False, packages_select_test_failures=False, packages_skip_test_passed=False, packages_select=['week4_arm'], packages_skip=None, packages_select_regex=None, packages_skip_regex=None, packages_start=None, packages_end=None, allow_overriding=[], cmake_args=None, cmake_target=None, cmake_target_skip_unavailable=False, cmake_clean_cache=False, cmake_clean_first=False, cmake_force_configure=False, ament_cmake_args=None, catkin_cmake_args=None, catkin_skip_building_tests=False, mixin_files=None, mixin=None, verb_parser=<colcon_mixin.mixin.mixin_argument.MixinArgumentDecorator object at 0x71b7c8495090>, verb_extension=<colcon_core.verb.build.BuildVerb object at 0x71b7c841a6e0>, main=<bound method BuildVerb.main of <colcon_core.verb.build.BuildVerb object at 0x71b7c841a6e0>>, mixin_verb=('build',))
[0.177s] Level 1:colcon.colcon_core.package_discovery:discover_packages(colcon_meta) check parameters
[0.177s] Level 1:colcon.colcon_core.package_discovery:discover_packages(recursive) check parameters
[0.177s] Level 1:colcon.colcon_core.package_discovery:discover_packages(ignore) check parameters
[0.177s] Level 1:colcon.colcon_core.package_discovery:discover_packages(path) check parameters
[0.177s] Level 1:colcon.colcon_core.package_discovery:discover_packages(colcon_meta) discover
[0.177s] Level 1:colcon.colcon_core.package_discovery:discover_packages(recursive) discover
[0.177s] INFO:colcon.colcon_core.package_discovery:Crawling recursively for packages in '/home/aksh/ros2_ws/src/week4_arm/week4_arm'
[0.177s] Level 1:colcon.colcon_core.package_identification:_identify(.) by extensions ['ignore', 'ignore_ament_install']
[0.177s] Level 1:colcon.colcon_core.package_identification:_identify(.) by extension 'ignore'
[0.177s] Level 1:colcon.colcon_core.package_identification:_identify(.) by extension 'ignore_ament_install'
[0.177s] Level 1:colcon.colcon_core.package_identification:_identify(.) by extensions ['colcon_pkg']
[0.177s] Level 1:colcon.colcon_core.package_identification:_identify(.) by extension 'colcon_pkg'
[0.177s] Level 1:colcon.colcon_core.package_identification:_identify(.) by extensions ['colcon_meta']
[0.177s] Level 1:colcon.colcon_core.package_identification:_identify(.) by extension 'colcon_meta'
[0.177s] Level 1:colcon.colcon_core.package_identification:_identify(.) by extensions ['ros']
[0.177s] Level 1:colcon.colcon_core.package_identification:_identify(.) by extension 'ros'
[0.191s] DEBUG:colcon.colcon_core.package_identification:Package '.' with type 'ros.ament_cmake' and name 'week4_arm'
[0.191s] Level 1:colcon.colcon_core.package_discovery:discover_packages(recursive) using defaults
[0.191s] Level 1:colcon.colcon_core.package_discovery:discover_packages(ignore) discover
[0.191s] Level 1:colcon.colcon_core.package_discovery:discover_packages(ignore) using defaults
[0.191s] Level 1:colcon.colcon_core.package_discovery:discover_packages(path) discover
[0.191s] Level 1:colcon.colcon_core.package_discovery:discover_packages(path) using defaults
[0.203s] Level 1:colcon.colcon_core.package_discovery:discover_packages(prefix_path) check parameters
[0.203s] Level 1:colcon.colcon_core.package_discovery:discover_packages(prefix_path) discover
[0.204s] WARNING:colcon.colcon_ros.prefix_path.ament:The path '/home/aksh/ros2_ws/install/turtle_controller' in the environment variable AMENT_PREFIX_PATH doesn't exist
[0.204s] WARNING:colcon.colcon_ros.prefix_path.ament:The path '/home/aksh/ros2_ws/install/obstacle_avoider' in the environment variable AMENT_PREFIX_PATH doesn't exist
[0.204s] WARNING:colcon.colcon_ros.prefix_path.ament:The path '/home/aksh/ros2_ws/install/kratos_aksh' in the environment variable AMENT_PREFIX_PATH doesn't exist
[0.204s] WARNING:colcon.colcon_ros.prefix_path.ament:The path '/home/aksh/ros2_ws/install/coordinate_follower' in the environment variable AMENT_PREFIX_PATH doesn't exist
[0.204s] WARNING:colcon.colcon_ros.prefix_path.catkin:The path '/home/aksh/ros2_ws/install/kratos_aksh' in the environment variable CMAKE_PREFIX_PATH doesn't exist
[0.204s] WARNING:colcon.colcon_ros.prefix_path.catkin:The path '/home/aksh/ros2_ws/install/coordinate_follower' in the environment variable CMAKE_PREFIX_PATH doesn't exist
[0.205s] DEBUG:colcon.colcon_installed_package_information.package_discovery:Found 1 installed packages in /home/aksh/ros2_ws/install
[0.205s] DEBUG:colcon.colcon_installed_package_information.package_discovery:Found 12 installed packages in /home/aksh/turtlebot3_ws/install
[0.206s] DEBUG:colcon.colcon_installed_package_information.package_discovery:Found 443 installed packages in /opt/ros/humble
[0.208s] Level 1:colcon.colcon_core.package_discovery:discover_packages(prefix_path) using defaults
[0.238s] Level 5:colcon.colcon_core.verb:set package 'week4_arm' build argument 'cmake_args' from command line to 'None'
[0.238s] Level 5:colcon.colcon_core.verb:set package 'week4_arm' build argument 'cmake_target' from command line to 'None'
[0.238s] Level 5:colcon.colcon_core.verb:set package 'week4_arm' build argument 'cmake_target_skip_unavailable' from command line to 'False'
[0.238s] Level 5:colcon.colcon_core.verb:set package 'week4_arm' build argument 'cmake_clean_cache' from command line to 'False'
[0.238s] Level 5:colcon.colcon_core.verb:set package 'week4_arm' build argument 'cmake_clean_first' from command line to 'False'
[0.239s] Level 5:colcon.colcon_core.verb:set package 'week4_arm' build argument 'cmake_force_configure' from command line to 'False'
[0.239s] Level 5:colcon.colcon_core.verb:set package 'week4_arm' build argument 'ament_cmake_args' from command line to 'None'
[0.239s] Level 5:colcon.colcon_core.verb:set package 'week4_arm' build argument 'catkin_cmake_args' from command line to 'None'
[0.239s] Level 5:colcon.colcon_core.verb:set package 'week4_arm' build argument 'catkin_skip_building_tests' from command line to 'False'
[0.239s] DEBUG:colcon.colcon_core.verb:Building package 'week4_arm' with the following arguments: {'ament_cmake_args': None, 'build_base': '/home/aksh/ros2_ws/src/week4_arm/week4_arm/build/week4_arm', 'catkin_cmake_args': None, 'catkin_skip_building_tests': False, 'cmake_args': None, 'cmake_clean_cache': False, 'cmake_clean_first': False, 'cmake_force_configure': False, 'cmake_target': None, 'cmake_target_skip_unavailable': False, 'install_base': '/home/aksh/ros2_ws/src/week4_arm/week4_arm/install/week4_arm', 'merge_install': False, 'path': '/home/aksh/ros2_ws/src/week4_arm/week4_arm', 'symlink_install': False, 'test_result_base': None}
[0.239s] INFO:colcon.colcon_core.executor:Executing jobs using 'parallel' executor
[0.240s] DEBUG:colcon.colcon_parallel_executor.executor.parallel:run_until_complete
[0.240s] INFO:colcon.colcon_ros.task.ament_cmake.build:Building ROS package in '/home/aksh/ros2_ws/src/week4_arm/week4_arm' with build type 'ament_cmake'
[0.240s] INFO:colcon.colcon_cmake.task.cmake.build:Building CMake package in '/home/aksh/ros2_ws/src/week4_arm/week4_arm'
[0.241s] INFO:colcon.colcon_core.plugin_system:Skipping extension 'colcon_core.shell.bat': Not used on non-Windows systems
[0.241s] INFO:colcon.colcon_core.shell:Skip shell extension 'powershell' for command environment: Not usable outside of PowerShell
[0.241s] DEBUG:colcon.colcon_core.shell:Skip shell extension 'dsv' for command environment
[0.247s] DEBUG:colcon.colcon_core.event_handler.log_command:Invoking command in '/home/aksh/ros2_ws/src/week4_arm/week4_arm/build/week4_arm': CMAKE_PREFIX_PATH=${CMAKE_PREFIX_PATH}:/home/aksh/ros2_ws/install/turtle_controller:/home/aksh/ros2_ws/install/obstacle_avoider:/home/aksh/turtlebot3_ws/install/turtlebot3_teleop:/home/aksh/turtlebot3_ws/install/turtlebot3_example:/opt/ros/humble /usr/bin/cmake /home/aksh/ros2_ws/src/week4_arm/week4_arm -DCMAKE_INSTALL_PREFIX=/home/aksh/ros2_ws/src/week4_arm/week4_arm/install/week4_arm
[0.962s] DEBUG:colcon.colcon_core.event_handler.log_command:Invoked command in '/home/aksh/ros2_ws/src/week4_arm/week4_arm/build/week4_arm' returned '0': CMAKE_PREFIX_PATH=${CMAKE_PREFIX_PATH}:/home/aksh/ros2_ws/install/turtle_controller:/home/aksh/ros2_ws/install/obstacle_avoider:/home/aksh/turtlebot3_ws/install/turtlebot3_teleop:/home/aksh/turtlebot3_ws/install/turtlebot3_example:/opt/ros/humble /usr/bin/cmake /home/aksh/ros2_ws/src/week4_arm/week4_arm -DCMAKE_INSTALL_PREFIX=/home/aksh/ros2_ws/src/week4_arm/week4_arm/install/week4_arm
[0.964s] DEBUG:colcon.colcon_core.event_handler.log_command:Invoking command in '/home/aksh/ros2_ws/src/week4_arm/week4_arm/build/week4_arm': CMAKE_PREFIX_PATH=${CMAKE_PREFIX_PATH}:/home/aksh/ros2_ws/install/turtle_controller:/home/aksh/ros2_ws/install/obstacle_avoider:/home/aksh/turtlebot3_ws/install/turtlebot3_teleop:/home/aksh/turtlebot3_ws/install/turtlebot3_example:/opt/ros/humble /usr/bin/cmake --build /home/aksh/ros2_ws/src/week4_arm/week4_arm/build/week4_arm -- -j32 -l32
[0.999s] DEBUG:colcon.colcon_core.event_handler.log_command:Invoked command in '/home/aksh/ros2_ws/src/week4_arm/week4_arm/build/week4_arm' returned '0': CMAKE_PREFIX_PATH=${CMAKE_PREFIX_PATH}:/home/aksh/ros2_ws/install/turtle_controller:/home/aksh/ros2_ws/install/obstacle_avoider:/home/aksh/turtlebot3_ws/install/turtlebot3_teleop:/home/aksh/turtlebot3_ws/install/turtlebot3_example:/opt/ros/humble /usr/bin/cmake --build /home/aksh/ros2_ws/src/week4_arm/week4_arm/build/week4_arm -- -j32 -l32
[1.011s] DEBUG:colcon.colcon_core.event_handler.log_command:Invoking command in '/home/aksh/ros2_ws/src/week4_arm/week4_arm/build/week4_arm': CMAKE_PREFIX_PATH=${CMAKE_PREFIX_PATH}:/home/aksh/ros2_ws/install/turtle_controller:/home/aksh/ros2_ws/install/obstacle_avoider:/home/aksh/turtlebot3_ws/install/turtlebot3_teleop:/home/aksh/turtlebot3_ws/install/turtlebot3_example:/opt/ros/humble /usr/bin/cmake --install /home/aksh/ros2_ws/src/week4_arm/week4_arm/build/week4_arm
[1.027s] Level 1:colcon.colcon_core.environment:create_environment_scripts_only(week4_arm)
[1.027s] DEBUG:colcon.colcon_core.event_handler.log_command:Invoked command in '/home/aksh/ros2_ws/src/week4_arm/week4_arm/build/week4_arm' returned '0': CMAKE_PREFIX_PATH=${CMAKE_PREFIX_PATH}:/home/aksh/ros2_ws/install/turtle_controller:/home/aksh/ros2_ws/install/obstacle_avoider:/home/aksh/turtlebot3_ws/install/turtlebot3_teleop:/home/aksh/turtlebot3_ws/install/turtlebot3_example:/opt/ros/humble /usr/bin/cmake --install /home/aksh/ros2_ws/src/week4_arm/week4_arm/build/week4_arm
[1.030s] Level 1:colcon.colcon_core.environment:checking '/home/aksh/ros2_ws/src/week4_arm/week4_arm/install/week4_arm' for CMake module files
[1.030s] Level 1:colcon.colcon_core.environment:checking '/home/aksh/ros2_ws/src/week4_arm/week4_arm/install/week4_arm' for CMake config files
[1.030s] Level 1:colcon.colcon_core.shell:create_environment_hook('week4_arm', 'cmake_prefix_path')
[1.031s] INFO:colcon.colcon_core.shell:Creating environment hook '/home/aksh/ros2_ws/src/week4_arm/week4_arm/install/week4_arm/share/week4_arm/hook/cmake_prefix_path.ps1'
[1.031s] INFO:colcon.colcon_core.shell:Creating environment descriptor '/home/aksh/ros2_ws/src/week4_arm/week4_arm/install/week4_arm/share/week4_arm/hook/cmake_prefix_path.dsv'
[1.032s] INFO:colcon.colcon_core.shell:Creating environment hook '/home/aksh/ros2_ws/src/week4_arm/week4_arm/install/week4_arm/share/week4_arm/hook/cmake_prefix_path.sh'
[1.033s] Level 1:colcon.colcon_core.environment:checking '/home/aksh/ros2_ws/src/week4_arm/week4_arm/install/week4_arm/lib'
[1.033s] Level 1:colcon.colcon_core.environment:checking '/home/aksh/ros2_ws/src/week4_arm/week4_arm/install/week4_arm/bin'
[1.033s] Level 1:colcon.colcon_core.environment:checking '/home/aksh/ros2_ws/src/week4_arm/week4_arm/install/week4_arm/lib/pkgconfig/week4_arm.pc'
[1.033s] Level 1:colcon.colcon_core.environment:checking '/home/aksh/ros2_ws/src/week4_arm/week4_arm/install/week4_arm/lib/python3.10/site-packages'
[1.034s] Level 1:colcon.colcon_core.environment:checking '/home/aksh/ros2_ws/src/week4_arm/week4_arm/install/week4_arm/bin'
[1.034s] INFO:colcon.colcon_core.shell:Creating package script '/home/aksh/ros2_ws/src/week4_arm/week4_arm/install/week4_arm/share/week4_arm/package.ps1'
[1.035s] INFO:colcon.colcon_core.shell:Creating package descriptor '/home/aksh/ros2_ws/src/week4_arm/week4_arm/install/week4_arm/share/week4_arm/package.dsv'
[1.035s] INFO:colcon.colcon_core.shell:Creating package script '/home/aksh/ros2_ws/src/week4_arm/week4_arm/install/week4_arm/share/week4_arm/package.sh'
[1.036s] INFO:colcon.colcon_core.shell:Creating package script '/home/aksh/ros2_ws/src/week4_arm/week4_arm/install/week4_arm/share/week4_arm/package.bash'
[1.037s] INFO:colcon.colcon_core.shell:Creating package script '/home/aksh/ros2_ws/src/week4_arm/week4_arm/install/week4_arm/share/week4_arm/package.zsh'
[1.037s] Level 1:colcon.colcon_core.environment:create_file_with_runtime_dependencies(/home/aksh/ros2_ws/src/week4_arm/week4_arm/install/week4_arm/share/colcon-core/packages/week4_arm)
[1.038s] Level 1:colcon.colcon_core.environment:create_environment_scripts_only(week4_arm)
[1.038s] Level 1:colcon.colcon_core.environment:checking '/home/aksh/ros2_ws/src/week4_arm/week4_arm/install/week4_arm' for CMake module files
[1.039s] Level 1:colcon.colcon_core.environment:checking '/home/aksh/ros2_ws/src/week4_arm/week4_arm/install/week4_arm' for CMake config files
[1.039s] Level 1:colcon.colcon_core.shell:create_environment_hook('week4_arm', 'cmake_prefix_path')
[1.039s] INFO:colcon.colcon_core.shell:Creating environment hook '/home/aksh/ros2_ws/src/week4_arm/week4_arm/install/week4_arm/share/week4_arm/hook/cmake_prefix_path.ps1'
[1.039s] INFO:colcon.colcon_core.shell:Creating environment descriptor '/home/aksh/ros2_ws/src/week4_arm/week4_arm/install/week4_arm/share/week4_arm/hook/cmake_prefix_path.dsv'
[1.040s] INFO:colcon.colcon_core.shell:Creating environment hook '/home/aksh/ros2_ws/src/week4_arm/week4_arm/install/week4_arm/share/week4_arm/hook/cmake_prefix_path.sh'
[1.040s] Level 1:colcon.colcon_core.environment:checking '/home/aksh/ros2_ws/src/week4_arm/week4_arm/install/week4_arm/lib'
[1.040s] Level 1:colcon.colcon_core.environment:checking '/home/aksh/ros2_ws/src/week4_arm/week4_arm/install/week4_arm/bin'
[1.040s] Level 1:colcon.colcon_core.environment:checking '/home/aksh/ros2_ws/src/week4_arm/week4_arm/install/week4_arm/lib/pkgconfig/week4_arm.pc'
[1.040s] Level 1:colcon.colcon_core.environment:checking '/home/aksh/ros2_ws/src/week4_arm/week4_arm/install/week4_arm/lib/python3.10/site-packages'
[1.041s] Level 1:colcon.colcon_core.environment:checking '/home/aksh/ros2_ws/src/week4_arm/week4_arm/install/week4_arm/bin'
[1.041s] INFO:colcon.colcon_core.shell:Creating package script '/home/aksh/ros2_ws/src/week4_arm/week4_arm/install/week4_arm/share/week4_arm/package.ps1'
[1.041s] INFO:colcon.colcon_core.shell:Creating package descriptor '/home/aksh/ros2_ws/src/week4_arm/week4_arm/install/week4_arm/share/week4_arm/package.dsv'
[1.042s] INFO:colcon.colcon_core.shell:Creating package script '/home/aksh/ros2_ws/src/week4_arm/week4_arm/install/week4_arm/share/week4_arm/package.sh'
[1.042s] INFO:colcon.colcon_core.shell:Creating package script '/home/aksh/ros2_ws/src/week4_arm/week4_arm/install/week4_arm/share/week4_arm/package.bash'
[1.042s] INFO:colcon.colcon_core.shell:Creating package script '/home/aksh/ros2_ws/src/week4_arm/week4_arm/install/week4_arm/share/week4_arm/package.zsh'
[1.043s] Level 1:colcon.colcon_core.environment:create_file_with_runtime_dependencies(/home/aksh/ros2_ws/src/week4_arm/week4_arm/install/week4_arm/share/colcon-core/packages/week4_arm)
[1.043s] DEBUG:colcon.colcon_parallel_executor.executor.parallel:closing loop
[1.043s] DEBUG:colcon.colcon_parallel_executor.executor.parallel:loop closed
[1.043s] DEBUG:colcon.colcon_parallel_executor.executor.parallel:run_until_complete finished with '0'
[1.043s] DEBUG:colcon.colcon_core.event_reactor:joining thread
[1.046s] INFO:colcon.colcon_core.plugin_system:Skipping extension 'colcon_notification.desktop_notification.terminal_notifier': Not used on non-Darwin systems
[1.047s] INFO:colcon.colcon_core.plugin_system:Skipping extension 'colcon_notification.desktop_notification.win32': Not used on non-Windows systems
[1.047s] INFO:colcon.colcon_notification.desktop_notification:Sending desktop notification using 'notify2'
[1.073s] DEBUG:colcon.colcon_core.event_reactor:joined thread
[1.073s] INFO:colcon.colcon_core.shell:Creating prefix script '/home/aksh/ros2_ws/src/week4_arm/week4_arm/install/local_setup.ps1'
[1.075s] INFO:colcon.colcon_core.shell:Creating prefix util module '/home/aksh/ros2_ws/src/week4_arm/week4_arm/install/_local_setup_util_ps1.py'
[1.076s] INFO:colcon.colcon_core.shell:Creating prefix chain script '/home/aksh/ros2_ws/src/week4_arm/week4_arm/install/setup.ps1'
[1.078s] INFO:colcon.colcon_core.shell:Creating prefix script '/home/aksh/ros2_ws/src/week4_arm/week4_arm/install/local_setup.sh'
[1.079s] INFO:colcon.colcon_core.shell:Creating prefix util module '/home/aksh/ros2_ws/src/week4_arm/week4_arm/install/_local_setup_util_sh.py'
[1.080s] INFO:colcon.colcon_core.shell:Creating prefix chain script '/home/aksh/ros2_ws/src/week4_arm/week4_arm/install/setup.sh'
[1.082s] INFO:colcon.colcon_core.shell:Creating prefix script '/home/aksh/ros2_ws/src/week4_arm/week4_arm/install/local_setup.bash'
[1.082s] INFO:colcon.colcon_core.shell:Creating prefix chain script '/home/aksh/ros2_ws/src/week4_arm/week4_arm/install/setup.bash'
[1.084s] INFO:colcon.colcon_core.shell:Creating prefix script '/home/aksh/ros2_ws/src/week4_arm/week4_arm/install/local_setup.zsh'
[1.084s] INFO:colcon.colcon_core.shell:Creating prefix chain script '/home/aksh/ros2_ws/src/week4_arm/week4_arm/install/setup.zsh'
