[0.007s] Invoking command in '/home/aksh/ros2_ws/src/week4_arm/week4_arm/build/week4_arm': CMAKE_PREFIX_PATH=${CMAKE_PREFIX_PATH}:/home/aksh/ros2_ws/install/turtle_controller:/home/aksh/ros2_ws/install/obstacle_avoider:/home/aksh/turtlebot3_ws/install/turtlebot3_teleop:/home/aksh/turtlebot3_ws/install/turtlebot3_example:/opt/ros/humble /usr/bin/cmake /home/aksh/ros2_ws/src/week4_arm/week4_arm -DCMAKE_INSTALL_PREFIX=/home/aksh/ros2_ws/src/week4_arm/week4_arm/install/week4_arm
[0.073s] -- The C compiler identification is GNU 11.4.0
[0.130s] -- The CXX compiler identification is GNU 11.4.0
[0.135s] -- Detecting C compiler ABI info
[0.220s] -- Detecting C compiler ABI info - done
[0.227s] -- Check for working C compiler: /usr/bin/cc - skipped
[0.227s] -- Detecting C compile features
[0.228s] -- Detecting C compile features - done
[0.230s] -- Detecting CXX compiler ABI info
[0.317s] -- Detecting CXX compiler ABI info - done
[0.324s] -- Check for working CXX compiler: /usr/bin/c++ - skipped
[0.324s] -- Detecting CXX compile features
[0.325s] -- Detecting CXX compile features - done
[0.329s] -- Found ament_cmake: 1.3.11 (/opt/ros/humble/share/ament_cmake/cmake)
[0.484s] -- Found Python3: /usr/bin/python3 (found version "3.10.12") found components: Interpreter 
[0.564s] -- Found rclpy: 3.3.16 (/opt/ros/humble/share/rclpy/cmake)
[0.565s] -- Found std_msgs: 4.9.0 (/opt/ros/humble/share/std_msgs/cmake)
[0.595s] -- Found rosidl_generator_c: 3.1.6 (/opt/ros/humble/share/rosidl_generator_c/cmake)
[0.599s] -- Found rosidl_adapter: 3.1.6 (/opt/ros/humble/share/rosidl_adapter/cmake)
[0.606s] -- Found rosidl_generator_cpp: 3.1.6 (/opt/ros/humble/share/rosidl_generator_cpp/cmake)
[0.615s] -- Using all available rosidl_typesupport_c: rosidl_typesupport_fastrtps_c;rosidl_typesupport_introspection_c
[0.628s] -- Using all available rosidl_typesupport_cpp: rosidl_typesupport_fastrtps_cpp;rosidl_typesupport_introspection_cpp
[0.647s] -- Found ament_lint_auto: 0.12.12 (/opt/ros/humble/share/ament_lint_auto/cmake)
[0.708s] -- Added test 'cppcheck' to perform static code analysis on C / C++ code
[0.708s] -- Configured cppcheck include dirs: 
[0.708s] -- Configured cppcheck exclude dirs and/or files: 
[0.708s] -- Added test 'flake8' to check Python code syntax and style conventions
[0.709s] -- Added test 'lint_cmake' to check CMake code style
[0.710s] -- Added test 'pep257' to check Python code against some of the docstring style conventions in PEP 257
[0.712s] -- Added test 'uncrustify' to check C / C++ code style
[0.712s] -- Configured uncrustify additional arguments: 
[0.713s] -- Added test 'xmllint' to check XML markup files
[0.714s] -- Configuring done
[0.716s] -- Generating done
[0.717s] -- Build files have been written to: /home/aksh/ros2_ws/src/week4_arm/week4_arm/build/week4_arm
[0.722s] Invoked command in '/home/aksh/ros2_ws/src/week4_arm/week4_arm/build/week4_arm' returned '0': CMAKE_PREFIX_PATH=${CMAKE_PREFIX_PATH}:/home/aksh/ros2_ws/install/turtle_controller:/home/aksh/ros2_ws/install/obstacle_avoider:/home/aksh/turtlebot3_ws/install/turtlebot3_teleop:/home/aksh/turtlebot3_ws/install/turtlebot3_example:/opt/ros/humble /usr/bin/cmake /home/aksh/ros2_ws/src/week4_arm/week4_arm -DCMAKE_INSTALL_PREFIX=/home/aksh/ros2_ws/src/week4_arm/week4_arm/install/week4_arm
[0.724s] Invoking command in '/home/aksh/ros2_ws/src/week4_arm/week4_arm/build/week4_arm': CMAKE_PREFIX_PATH=${CMAKE_PREFIX_PATH}:/home/aksh/ros2_ws/install/turtle_controller:/home/aksh/ros2_ws/install/obstacle_avoider:/home/aksh/turtlebot3_ws/install/turtlebot3_teleop:/home/aksh/turtlebot3_ws/install/turtlebot3_example:/opt/ros/humble /usr/bin/cmake --build /home/aksh/ros2_ws/src/week4_arm/week4_arm/build/week4_arm -- -j32 -l32
[0.759s] Invoked command in '/home/aksh/ros2_ws/src/week4_arm/week4_arm/build/week4_arm' returned '0': CMAKE_PREFIX_PATH=${CMAKE_PREFIX_PATH}:/home/aksh/ros2_ws/install/turtle_controller:/home/aksh/ros2_ws/install/obstacle_avoider:/home/aksh/turtlebot3_ws/install/turtlebot3_teleop:/home/aksh/turtlebot3_ws/install/turtlebot3_example:/opt/ros/humble /usr/bin/cmake --build /home/aksh/ros2_ws/src/week4_arm/week4_arm/build/week4_arm -- -j32 -l32
[0.771s] Invoking command in '/home/aksh/ros2_ws/src/week4_arm/week4_arm/build/week4_arm': CMAKE_PREFIX_PATH=${CMAKE_PREFIX_PATH}:/home/aksh/ros2_ws/install/turtle_controller:/home/aksh/ros2_ws/install/obstacle_avoider:/home/aksh/turtlebot3_ws/install/turtlebot3_teleop:/home/aksh/turtlebot3_ws/install/turtlebot3_example:/opt/ros/humble /usr/bin/cmake --install /home/aksh/ros2_ws/src/week4_arm/week4_arm/build/week4_arm
[0.782s] -- Install configuration: ""
[0.783s] -- Installing: /home/aksh/ros2_ws/src/week4_arm/week4_arm/install/week4_arm/lib/week4_arm/fk_node.py
[0.783s] -- Installing: /home/aksh/ros2_ws/src/week4_arm/week4_arm/install/week4_arm/lib/week4_arm/move_effector.py
[0.783s] -- Installing: /home/aksh/ros2_ws/src/week4_arm/week4_arm/install/week4_arm/share/week4_arm//launch
[0.783s] -- Installing: /home/aksh/ros2_ws/src/week4_arm/week4_arm/install/week4_arm/share/week4_arm//launch/display_arm.launch.py
[0.784s] -- Installing: /home/aksh/ros2_ws/src/week4_arm/week4_arm/install/week4_arm/share/week4_arm//launch/fk_node.launch.py
[0.784s] -- Installing: /home/aksh/ros2_ws/src/week4_arm/week4_arm/install/week4_arm/share/week4_arm//urdf
[0.784s] -- Installing: /home/aksh/ros2_ws/src/week4_arm/week4_arm/install/week4_arm/share/week4_arm//urdf/2link_robot.urdf
[0.784s] -- Installing: /home/aksh/ros2_ws/src/week4_arm/week4_arm/install/week4_arm/share/ament_index/resource_index/package_run_dependencies/week4_arm
[0.784s] -- Installing: /home/aksh/ros2_ws/src/week4_arm/week4_arm/install/week4_arm/share/ament_index/resource_index/parent_prefix_path/week4_arm
[0.784s] -- Installing: /home/aksh/ros2_ws/src/week4_arm/week4_arm/install/week4_arm/share/week4_arm/environment/ament_prefix_path.sh
[0.784s] -- Installing: /home/aksh/ros2_ws/src/week4_arm/week4_arm/install/week4_arm/share/week4_arm/environment/ament_prefix_path.dsv
[0.784s] -- Installing: /home/aksh/ros2_ws/src/week4_arm/week4_arm/install/week4_arm/share/week4_arm/environment/path.sh
[0.785s] -- Installing: /home/aksh/ros2_ws/src/week4_arm/week4_arm/install/week4_arm/share/week4_arm/environment/path.dsv
[0.785s] -- Installing: /home/aksh/ros2_ws/src/week4_arm/week4_arm/install/week4_arm/share/week4_arm/local_setup.bash
[0.785s] -- Installing: /home/aksh/ros2_ws/src/week4_arm/week4_arm/install/week4_arm/share/week4_arm/local_setup.sh
[0.785s] -- Installing: /home/aksh/ros2_ws/src/week4_arm/week4_arm/install/week4_arm/share/week4_arm/local_setup.zsh
[0.785s] -- Installing: /home/aksh/ros2_ws/src/week4_arm/week4_arm/install/week4_arm/share/week4_arm/local_setup.dsv
[0.785s] -- Installing: /home/aksh/ros2_ws/src/week4_arm/week4_arm/install/week4_arm/share/week4_arm/package.dsv
[0.785s] -- Installing: /home/aksh/ros2_ws/src/week4_arm/week4_arm/install/week4_arm/share/ament_index/resource_index/packages/week4_arm
[0.786s] -- Installing: /home/aksh/ros2_ws/src/week4_arm/week4_arm/install/week4_arm/share/week4_arm/cmake/week4_armConfig.cmake
[0.786s] -- Installing: /home/aksh/ros2_ws/src/week4_arm/week4_arm/install/week4_arm/share/week4_arm/cmake/week4_armConfig-version.cmake
[0.786s] -- Installing: /home/aksh/ros2_ws/src/week4_arm/week4_arm/install/week4_arm/share/week4_arm/package.xml
[0.787s] Invoked command in '/home/aksh/ros2_ws/src/week4_arm/week4_arm/build/week4_arm' returned '0': CMAKE_PREFIX_PATH=${CMAKE_PREFIX_PATH}:/home/aksh/ros2_ws/install/turtle_controller:/home/aksh/ros2_ws/install/obstacle_avoider:/home/aksh/turtlebot3_ws/install/turtlebot3_teleop:/home/aksh/turtlebot3_ws/install/turtlebot3_example:/opt/ros/humble /usr/bin/cmake --install /home/aksh/ros2_ws/src/week4_arm/week4_arm/build/week4_arm
